<?xml version="1.0" encoding="UTF-8"?>
<!-- Generated by org.testng.reporters.JUnitReportReporter -->
<testsuite hostname="Chinnu_Reddy" failures="0" tests="1" name="testCases.TC001_AccountRegistrationTest" time="3.842" errors="0" timestamp="2025-02-23T12:34:55 IST" skipped="0">
  <testcase classname="testCases.TC001_AccountRegistrationTest" name="verify_account_registration" time="3.842"/>
</testsuite> <!-- testCases.TC001_AccountRegistrationTest -->
