<?xml version="1.0" encoding="UTF-8"?>
<!-- Generated by org.testng.reporters.JUnitReportReporter -->
<testsuite hostname="Chinnu_Reddy" failures="0" tests="1" name="testCases.TC001_AccountRegistrationTest" time="4.603" errors="0" timestamp="2025-10-19T12:52:27 IST" skipped="0">
  <testcase classname="testCases.TC001_AccountRegistrationTest" name="verify_account_registration" time="4.603"/>
</testsuite> <!-- testCases.TC001_AccountRegistrationTest -->
