<?xml version="1.0" encoding="UTF-8"?>
<!-- Generated by org.testng.reporters.JUnitReportReporter -->
<testsuite hostname="Chinnu_Reddy" failures="0" tests="1" name="testCases.TC002_LoginTest" time="2.771" errors="0" timestamp="2025-10-19T12:52:27 IST" skipped="0">
  <testcase classname="testCases.TC002_LoginTest" name="verifyLogin" time="2.771"/>
</testsuite> <!-- testCases.TC002_LoginTest -->
